#
# There is insufficient memory for the Java Runtime Environment to continue.
# Native memory allocation (mmap) failed to map 4227072 bytes for G1 virtual space
# Possible reasons:
#   The system is out of physical RAM or swap space
#   The process is running with CompressedOops enabled, and the Java Heap may be blocking the growth of the native heap
# Possible solutions:
#   Reduce memory load on the system
#   Increase physical memory or swap space
#   Check if swap backing store is full
#   Decrease Java heap size (-Xmx/-Xms)
#   Decrease number of Java threads
#   Decrease Java thread stack sizes (-Xss)
#   Set larger code cache with -XX:ReservedCodeCacheSize=
#   JVM is running with Zero Based Compressed Oops mode in which the Java heap is
#     placed in the first 32GB address space. The Java Heap base address is the
#     maximum limit for the native heap growth. Please use -XX:HeapBaseMinAddress
#     to set the Java Heap base and to place the Java Heap above 32GB virtual address.
# This output file may be truncated or incomplete.
#
#  Out of Memory Error (os_windows.cpp:3769), pid=9380, tid=15692
#
# JRE version: OpenJDK Runtime Environment (17.0.6) (build 17.0.6+0-b2043.56-10027231)
# Java VM: OpenJDK 64-Bit Server VM (17.0.6+0-b2043.56-10027231, mixed mode, tiered, compressed oops, compressed class ptrs, g1 gc, windows-amd64)
# No core dump will be written. Minidumps are not enabled by default on client versions of Windows
#

---------------  S U M M A R Y ------------

Command Line: org.jetbrains.kotlin.cli.jvm.K2JVMCompiler @D:\Ejercicios_Android_3\AppZonaTienda_AppEnsayo\app\build\20230905_14245681146032230908.compiler.options

Host: AMD Ryzen 5 2600 Six-Core Processor            , 12 cores, 15G,  Windows 11 , 64 bit Build 22621 (10.0.22621.2215)
Time: Tue Sep  5 19:49:15 2023 Hora est. Pacífico, Sudamérica elapsed time: 14.335967 seconds (0d 0h 0m 14s)

---------------  T H R E A D  ---------------

Current thread (0x000001a7fedfecd0):  VMThread "VM Thread" [stack: 0x0000002495d00000,0x0000002495e00000] [id=15692]

Stack: [0x0000002495d00000,0x0000002495e00000]
Native frames: (J=compiled Java code, j=interpreted, Vv=VM code, C=native code)
V  [jvm.dll+0x683c9a]
V  [jvm.dll+0x8427a4]
V  [jvm.dll+0x843f9e]
V  [jvm.dll+0x844603]
V  [jvm.dll+0x249b75]
V  [jvm.dll+0x680b69]
V  [jvm.dll+0x67505a]
V  [jvm.dll+0x309acb]
V  [jvm.dll+0x310f86]
V  [jvm.dll+0x360903]
V  [jvm.dll+0x360b1f]
V  [jvm.dll+0x2dfbf8]
V  [jvm.dll+0x2ddec4]
V  [jvm.dll+0x2dd4cc]
V  [jvm.dll+0x321f3b]
V  [jvm.dll+0x848ccb]
V  [jvm.dll+0x849a04]
V  [jvm.dll+0x849f1d]
V  [jvm.dll+0x84a2f4]
V  [jvm.dll+0x84a3c0]
V  [jvm.dll+0x7f274a]
V  [jvm.dll+0x682ad5]
C  [ucrtbase.dll+0x29363]
C  [KERNEL32.DLL+0x1257d]
C  [ntdll.dll+0x5aa68]

VM_Operation (0x00000024957fd7b0): G1CollectForAllocation, mode: safepoint, requested by thread 0x000001a7f6f45c90


---------------  P R O C E S S  ---------------

Threads class SMR info:
_java_thread_list=0x000001a79aaae2a0, length=14, elements={
0x000001a7f6f45c90, 0x000001a7ff84bda0, 0x000001a7ff84d330, 0x000001a7ff8987e0,
0x000001a7ff89e1d0, 0x000001a7ff89ea90, 0x000001a7ff89f560, 0x000001a7ff8a0200,
0x000001a7ff8b26d0, 0x000001a7ff8c6150, 0x000001a7ffa24ed0, 0x000001a7ffa37810,
0x000001a79e3439e0, 0x000001a79e340230
}

Java Threads: ( => current thread )
  0x000001a7f6f45c90 JavaThread "main" [_thread_blocked, id=1128, stack(0x0000002495700000,0x0000002495800000)]
  0x000001a7ff84bda0 JavaThread "Reference Handler" daemon [_thread_blocked, id=14576, stack(0x0000002495e00000,0x0000002495f00000)]
  0x000001a7ff84d330 JavaThread "Finalizer" daemon [_thread_blocked, id=22084, stack(0x0000002495f00000,0x0000002496000000)]
  0x000001a7ff8987e0 JavaThread "Signal Dispatcher" daemon [_thread_blocked, id=33500, stack(0x0000002496000000,0x0000002496100000)]
  0x000001a7ff89e1d0 JavaThread "Attach Listener" daemon [_thread_blocked, id=13736, stack(0x0000002496100000,0x0000002496200000)]
  0x000001a7ff89ea90 JavaThread "Service Thread" daemon [_thread_blocked, id=16712, stack(0x0000002496200000,0x0000002496300000)]
  0x000001a7ff89f560 JavaThread "Monitor Deflation Thread" daemon [_thread_blocked, id=9960, stack(0x0000002496300000,0x0000002496400000)]
  0x000001a7ff8a0200 JavaThread "C2 CompilerThread0" daemon [_thread_blocked, id=20948, stack(0x0000002496400000,0x0000002496500000)]
  0x000001a7ff8b26d0 JavaThread "C1 CompilerThread0" daemon [_thread_blocked, id=32256, stack(0x0000002496500000,0x0000002496600000)]
  0x000001a7ff8c6150 JavaThread "Sweeper thread" daemon [_thread_blocked, id=17376, stack(0x0000002496600000,0x0000002496700000)]
  0x000001a7ffa24ed0 JavaThread "Notification Thread" daemon [_thread_blocked, id=24012, stack(0x0000002496700000,0x0000002496800000)]
  0x000001a7ffa37810 JavaThread "Common-Cleaner" daemon [_thread_blocked, id=3656, stack(0x0000002496900000,0x0000002496a00000)]
  0x000001a79e3439e0 JavaThread "C2 CompilerThread1" daemon [_thread_blocked, id=33616, stack(0x0000002496a00000,0x0000002496b00000)]
  0x000001a79e340230 JavaThread "C2 CompilerThread2" daemon [_thread_blocked, id=17140, stack(0x0000002497600000,0x0000002497700000)]

Other Threads:
=>0x000001a7fedfecd0 VMThread "VM Thread" [stack: 0x0000002495d00000,0x0000002495e00000] [id=15692]
  0x000001a7f6fcaa60 WatcherThread [stack: 0x0000002496800000,0x0000002496900000] [id=23264]
  0x000001a7f6fb34a0 GCTaskThread "GC Thread#0" [stack: 0x0000002495800000,0x0000002495900000] [id=24436]
  0x000001a7ffa3faf0 GCTaskThread "GC Thread#1" [stack: 0x0000002496b00000,0x0000002496c00000] [id=23100]
  0x000001a7ffa3fda0 GCTaskThread "GC Thread#2" [stack: 0x0000002496c00000,0x0000002496d00000] [id=32120]
  0x000001a7ffa40050 GCTaskThread "GC Thread#3" [stack: 0x0000002496d00000,0x0000002496e00000] [id=23016]
  0x000001a797364a70 GCTaskThread "GC Thread#4" [stack: 0x0000002496e00000,0x0000002496f00000] [id=32080]
  0x000001a797362f90 GCTaskThread "GC Thread#5" [stack: 0x0000002496f00000,0x0000002497000000] [id=21840]
  0x000001a797362ce0 GCTaskThread "GC Thread#6" [stack: 0x0000002497000000,0x0000002497100000] [id=1456]
  0x000001a7973657e0 GCTaskThread "GC Thread#7" [stack: 0x0000002497100000,0x0000002497200000] [id=33004]
  0x000001a797365280 GCTaskThread "GC Thread#8" [stack: 0x0000002497200000,0x0000002497300000] [id=20404]
  0x000001a797363fb0 GCTaskThread "GC Thread#9" [stack: 0x0000002497300000,0x0000002497400000] [id=33076]
  0x000001a7f6fc41f0 ConcurrentGCThread "G1 Main Marker" [stack: 0x0000002495900000,0x0000002495a00000] [id=24328]
  0x000001a7f6fc52b0 ConcurrentGCThread "G1 Conc#0" [stack: 0x0000002495a00000,0x0000002495b00000] [id=14460]
  0x000001a797365ff0 ConcurrentGCThread "G1 Conc#1" [stack: 0x0000002497400000,0x0000002497500000] [id=13720]
  0x000001a797364260 ConcurrentGCThread "G1 Conc#2" [stack: 0x0000002497500000,0x0000002497600000] [id=32528]
  0x000001a7f700ece0 ConcurrentGCThread "G1 Refine#0" [stack: 0x0000002495b00000,0x0000002495c00000] [id=22288]
  0x000001a798a05cf0 ConcurrentGCThread "G1 Refine#1" [stack: 0x0000002497700000,0x0000002497800000] [id=5260]
  0x000001a798de5e20 ConcurrentGCThread "G1 Refine#2" [stack: 0x0000002497800000,0x0000002497900000] [id=9744]
  0x000001a79a5af490 ConcurrentGCThread "G1 Refine#3" [stack: 0x0000002497900000,0x0000002497a00000] [id=16972]
  0x000001a79a5ad4f0 ConcurrentGCThread "G1 Refine#4" [stack: 0x0000002497a00000,0x0000002497b00000] [id=20428]
  0x000001a7fec96750 ConcurrentGCThread "G1 Service" [stack: 0x0000002495c00000,0x0000002495d00000] [id=32208]

Threads with active compile tasks:
C2 CompilerThread0    14346 19431       4       org.jetbrains.kotlin.codegen.optimization.LabelNormalizationMethodTransformer$TransformerForMethod::rewriteLabelInstructions (97 bytes)
C2 CompilerThread1    14346 19419       4       org.jetbrains.kotlin.codegen.optimization.common.UtilKt::removeUnusedLocalVariables (472 bytes)
C2 CompilerThread2    14346 19421       4       org.jetbrains.kotlin.codegen.optimization.DeadCodeEliminationMethodTransformer::transform (118 bytes)

VM state: at safepoint (normal execution)

VM Mutex/Monitor currently owned by a thread:  ([mutex/lock_event])
[0x000001a7f6f415d0] Threads_lock - owner thread: 0x000001a7fedfecd0
[0x000001a7f6f43160] Heap_lock - owner thread: 0x000001a7f6f45c90

Heap address: 0x0000000701000000, size: 4080 MB, Compressed Oops mode: Zero based, Oop shift amount: 3

CDS archive(s) not mapped
Compressed class space mapped at: 0x0000000800000000-0x0000000840000000, reserved size: 1073741824
Narrow klass base: 0x0000000800000000, Narrow klass shift: 0, Narrow klass range: 0x40000000

GC Precious Log:
 CPUs: 12 total, 12 available
 Memory: 16317M
 Large Page Support: Disabled
 NUMA Support: Disabled
 Compressed Oops: Enabled (Zero based)
 Heap Region Size: 2M
 Heap Min Capacity: 8M
 Heap Initial Capacity: 256M
 Heap Max Capacity: 4080M
 Pre-touch: Disabled
 Parallel Workers: 10
 Concurrent Workers: 3
 Concurrent Refinement Workers: 10
 Periodic GC: Disabled

Heap:
 garbage-first heap   total 262144K, used 125802K [0x0000000701000000, 0x0000000800000000)
  region size 2048K, 3 young (6144K), 3 survivors (6144K)
 Metaspace       used 90420K, committed 90816K, reserved 1130496K
  class space    used 9584K, committed 9792K, reserved 1048576K

Heap Regions: E=young(eden), S=young(survivor), O=old, HS=humongous(starts), HC=humongous(continues), CS=collection set, F=free, OA=open archive, CA=closed archive, TAMS=top-at-mark-start (previous, next)
|   0|0x0000000701000000, 0x0000000701200000, 0x0000000701200000|100%|HS|  |TAMS 0x0000000701200000, 0x0000000701200000| Complete 
|   1|0x0000000701200000, 0x0000000701400000, 0x0000000701400000|100%|HC|  |TAMS 0x0000000701400000, 0x0000000701400000| Complete 
|   2|0x0000000701400000, 0x0000000701600000, 0x0000000701600000|100%|HS|  |TAMS 0x0000000701600000, 0x0000000701600000| Complete 
|   3|0x0000000701600000, 0x0000000701800000, 0x0000000701800000|100%|HC|  |TAMS 0x0000000701800000, 0x0000000701800000| Complete 
|   4|0x0000000701800000, 0x0000000701a00000, 0x0000000701a00000|100%|HS|  |TAMS 0x0000000701a00000, 0x0000000701a00000| Complete 
|   5|0x0000000701a00000, 0x0000000701c00000, 0x0000000701c00000|100%| O|  |TAMS 0x0000000701c00000, 0x0000000701c00000| Untracked 
|   6|0x0000000701c00000, 0x0000000701e00000, 0x0000000701e00000|100%| O|  |TAMS 0x0000000701e00000, 0x0000000701e00000| Untracked 
|   7|0x0000000701e00000, 0x0000000702000000, 0x0000000702000000|100%| O|  |TAMS 0x0000000702000000, 0x0000000702000000| Untracked 
|   8|0x0000000702000000, 0x0000000702200000, 0x0000000702200000|100%|HS|  |TAMS 0x0000000702200000, 0x0000000702200000| Complete 
|   9|0x0000000702200000, 0x0000000702400000, 0x0000000702400000|100%| O|  |TAMS 0x0000000702400000, 0x0000000702400000| Untracked 
|  10|0x0000000702400000, 0x0000000702600000, 0x0000000702600000|100%| O|  |TAMS 0x0000000702600000, 0x0000000702600000| Untracked 
|  11|0x0000000702600000, 0x0000000702800000, 0x0000000702800000|100%| O|  |TAMS 0x0000000702800000, 0x0000000702800000| Untracked 
|  12|0x0000000702800000, 0x0000000702a00000, 0x0000000702a00000|100%| O|  |TAMS 0x0000000702a00000, 0x0000000702a00000| Untracked 
|  13|0x0000000702a00000, 0x0000000702c00000, 0x0000000702c00000|100%| O|  |TAMS 0x0000000702c00000, 0x0000000702c00000| Untracked 
|  14|0x0000000702c00000, 0x0000000702e00000, 0x0000000702e00000|100%| O|  |TAMS 0x0000000702e00000, 0x0000000702e00000| Untracked 
|  15|0x0000000702e00000, 0x0000000703000000, 0x0000000703000000|100%| O|  |TAMS 0x0000000703000000, 0x0000000703000000| Untracked 
|  16|0x0000000703000000, 0x0000000703200000, 0x0000000703200000|100%| O|  |TAMS 0x0000000703200000, 0x0000000703200000| Untracked 
|  17|0x0000000703200000, 0x0000000703400000, 0x0000000703400000|100%| O|  |TAMS 0x0000000703400000, 0x0000000703400000| Untracked 
|  18|0x0000000703400000, 0x0000000703600000, 0x0000000703600000|100%| O|  |TAMS 0x0000000703600000, 0x0000000703600000| Untracked 
|  19|0x0000000703600000, 0x0000000703800000, 0x0000000703800000|100%| O|  |TAMS 0x0000000703800000, 0x0000000703800000| Untracked 
|  20|0x0000000703800000, 0x0000000703a00000, 0x0000000703a00000|100%| O|  |TAMS 0x0000000703a00000, 0x0000000703a00000| Untracked 
|  21|0x0000000703a00000, 0x0000000703c00000, 0x0000000703c00000|100%| O|  |TAMS 0x0000000703c00000, 0x0000000703c00000| Untracked 
|  22|0x0000000703c00000, 0x0000000703e00000, 0x0000000703e00000|100%| O|  |TAMS 0x0000000703e00000, 0x0000000703e00000| Untracked 
|  23|0x0000000703e00000, 0x0000000704000000, 0x0000000704000000|100%| O|  |TAMS 0x0000000704000000, 0x0000000704000000| Untracked 
|  24|0x0000000704000000, 0x0000000704200000, 0x0000000704200000|100%| O|  |TAMS 0x0000000704200000, 0x0000000704200000| Untracked 
|  25|0x0000000704200000, 0x0000000704400000, 0x0000000704400000|100%| O|  |TAMS 0x0000000704400000, 0x0000000704400000| Untracked 
|  26|0x0000000704400000, 0x0000000704600000, 0x0000000704600000|100%| O|  |TAMS 0x0000000704600000, 0x0000000704600000| Untracked 
|  27|0x0000000704600000, 0x0000000704800000, 0x0000000704800000|100%| O|  |TAMS 0x0000000704800000, 0x0000000704800000| Untracked 
|  28|0x0000000704800000, 0x0000000704a00000, 0x0000000704a00000|100%| O|  |TAMS 0x0000000704a00000, 0x0000000704a00000| Untracked 
|  29|0x0000000704a00000, 0x0000000704c00000, 0x0000000704c00000|100%| O|  |TAMS 0x0000000704c00000, 0x0000000704c00000| Untracked 
|  30|0x0000000704c00000, 0x0000000704e00000, 0x0000000704e00000|100%| O|  |TAMS 0x0000000704e00000, 0x0000000704e00000| Untracked 
|  31|0x0000000704e00000, 0x0000000704e00000, 0x0000000705000000|  0%| F|  |TAMS 0x0000000704e00000, 0x0000000704e00000| Untracked 
|  32|0x0000000705000000, 0x0000000705200000, 0x0000000705200000|100%| O|  |TAMS 0x0000000705200000, 0x0000000705200000| Untracked 
|  33|0x0000000705200000, 0x0000000705400000, 0x0000000705400000|100%| O|  |TAMS 0x0000000705400000, 0x0000000705400000| Untracked 
|  34|0x0000000705400000, 0x0000000705600000, 0x0000000705600000|100%| O|  |TAMS 0x0000000705600000, 0x0000000705600000| Untracked 
|  35|0x0000000705600000, 0x0000000705800000, 0x0000000705800000|100%| O|  |TAMS 0x0000000705800000, 0x0000000705800000| Untracked 
|  36|0x0000000705800000, 0x0000000705a00000, 0x0000000705a00000|100%| O|  |TAMS 0x0000000705a00000, 0x0000000705a00000| Untracked 
|  37|0x0000000705a00000, 0x0000000705c00000, 0x0000000705c00000|100%| O|  |TAMS 0x0000000705c00000, 0x0000000705c00000| Untracked 
|  38|0x0000000705c00000, 0x0000000705e00000, 0x0000000705e00000|100%| O|  |TAMS 0x0000000705e00000, 0x0000000705e00000| Untracked 
|  39|0x0000000705e00000, 0x0000000706000000, 0x0000000706000000|100%| O|  |TAMS 0x0000000706000000, 0x0000000706000000| Untracked 
|  40|0x0000000706000000, 0x0000000706200000, 0x0000000706200000|100%| O|  |TAMS 0x0000000706200000, 0x0000000706200000| Untracked 
|  41|0x0000000706200000, 0x0000000706400000, 0x0000000706400000|100%| O|  |TAMS 0x0000000706200000, 0x0000000706400000| Untracked 
|  42|0x0000000706400000, 0x0000000706600000, 0x0000000706600000|100%| O|  |TAMS 0x0000000706400000, 0x0000000706600000| Untracked 
|  43|0x0000000706600000, 0x0000000706800000, 0x0000000706800000|100%| O|  |TAMS 0x0000000706800000, 0x0000000706800000| Untracked 
|  44|0x0000000706800000, 0x0000000706a00000, 0x0000000706a00000|100%| O|  |TAMS 0x0000000706a00000, 0x0000000706a00000| Untracked 
|  45|0x0000000706a00000, 0x0000000706c00000, 0x0000000706c00000|100%| O|  |TAMS 0x0000000706c00000, 0x0000000706c00000| Untracked 
|  46|0x0000000706c00000, 0x0000000706e00000, 0x0000000706e00000|100%| O|  |TAMS 0x0000000706e00000, 0x0000000706e00000| Untracked 
|  47|0x0000000706e00000, 0x0000000707000000, 0x0000000707000000|100%| O|  |TAMS 0x0000000707000000, 0x0000000707000000| Untracked 
|  48|0x0000000707000000, 0x0000000707200000, 0x0000000707200000|100%| O|  |TAMS 0x0000000707200000, 0x0000000707200000| Untracked 
|  49|0x0000000707200000, 0x0000000707400000, 0x0000000707400000|100%| O|  |TAMS 0x0000000707400000, 0x0000000707400000| Untracked 
|  50|0x0000000707400000, 0x0000000707600000, 0x0000000707600000|100%| O|  |TAMS 0x0000000707600000, 0x0000000707600000| Untracked 
|  51|0x0000000707600000, 0x0000000707800000, 0x0000000707800000|100%| O|  |TAMS 0x0000000707800000, 0x0000000707800000| Untracked 
|  52|0x0000000707800000, 0x0000000707a00000, 0x0000000707a00000|100%| O|  |TAMS 0x0000000707a00000, 0x0000000707a00000| Untracked 
|  53|0x0000000707a00000, 0x0000000707c00000, 0x0000000707c00000|100%| O|  |TAMS 0x0000000707c00000, 0x0000000707c00000| Untracked 
|  54|0x0000000707c00000, 0x0000000707e00000, 0x0000000707e00000|100%| O|  |TAMS 0x0000000707e00000, 0x0000000707e00000| Untracked 
|  55|0x0000000707e00000, 0x0000000708000000, 0x0000000708000000|100%| O|  |TAMS 0x0000000708000000, 0x0000000708000000| Untracked 
|  56|0x0000000708000000, 0x0000000708200000, 0x0000000708200000|100%| O|  |TAMS 0x0000000708200000, 0x0000000708200000| Untracked 
|  57|0x0000000708200000, 0x0000000708400000, 0x0000000708400000|100%| O|  |TAMS 0x0000000708375600, 0x0000000708400000| Untracked 
|  58|0x0000000708400000, 0x0000000708600000, 0x0000000708600000|100%| O|  |TAMS 0x0000000708400000, 0x0000000708600000| Untracked 
|  59|0x0000000708600000, 0x00000007087d8a00, 0x0000000708800000| 92%| O|  |TAMS 0x0000000708600000, 0x00000007087d8a00| Untracked 
|  60|0x0000000708800000, 0x0000000708800000, 0x0000000708a00000|  0%| F|  |TAMS 0x0000000708800000, 0x0000000708800000| Untracked 
|  61|0x0000000708a00000, 0x0000000708a00000, 0x0000000708c00000|  0%| F|  |TAMS 0x0000000708a00000, 0x0000000708a00000| Untracked 
|  62|0x0000000708c00000, 0x0000000708c00000, 0x0000000708e00000|  0%| F|  |TAMS 0x0000000708c00000, 0x0000000708c00000| Untracked 
|  63|0x0000000708e00000, 0x0000000708e00000, 0x0000000709000000|  0%| F|  |TAMS 0x0000000708e00000, 0x0000000708e00000| Untracked 
|  64|0x0000000709000000, 0x0000000709000000, 0x0000000709200000|  0%| F|  |TAMS 0x0000000709000000, 0x0000000709000000| Untracked 
|  65|0x0000000709200000, 0x0000000709200000, 0x0000000709400000|  0%| F|  |TAMS 0x0000000709200000, 0x0000000709200000| Untracked 
|  66|0x0000000709400000, 0x0000000709400000, 0x0000000709600000|  0%| F|  |TAMS 0x0000000709400000, 0x0000000709400000| Untracked 
|  67|0x0000000709600000, 0x0000000709600000, 0x0000000709800000|  0%| F|  |TAMS 0x0000000709600000, 0x0000000709600000| Untracked 
|  68|0x0000000709800000, 0x0000000709800000, 0x0000000709a00000|  0%| F|  |TAMS 0x0000000709800000, 0x0000000709800000| Untracked 
|  69|0x0000000709a00000, 0x0000000709a00000, 0x0000000709c00000|  0%| F|  |TAMS 0x0000000709a00000, 0x0000000709a00000| Untracked 
|  70|0x0000000709c00000, 0x0000000709c00000, 0x0000000709e00000|  0%| F|  |TAMS 0x0000000709c00000, 0x0000000709c00000| Untracked 
|  71|0x0000000709e00000, 0x0000000709e00000, 0x000000070a000000|  0%| F|  |TAMS 0x0000000709e00000, 0x0000000709e00000| Untracked 
|  72|0x000000070a000000, 0x000000070a000000, 0x000000070a200000|  0%| F|  |TAMS 0x000000070a000000, 0x000000070a000000| Untracked 
|  73|0x000000070a200000, 0x000000070a200000, 0x000000070a400000|  0%| F|  |TAMS 0x000000070a200000, 0x000000070a200000| Untracked 
|  74|0x000000070a400000, 0x000000070a400000, 0x000000070a600000|  0%| F|  |TAMS 0x000000070a400000, 0x000000070a400000| Untracked 
|  75|0x000000070a600000, 0x000000070a600000, 0x000000070a800000|  0%| F|  |TAMS 0x000000070a600000, 0x000000070a600000| Untracked 
|  76|0x000000070a800000, 0x000000070a800000, 0x000000070aa00000|  0%| F|  |TAMS 0x000000070a800000, 0x000000070a800000| Untracked 
|  77|0x000000070aa00000, 0x000000070ab01f58, 0x000000070ac00000| 50%| S|CS|TAMS 0x000000070aa00000, 0x000000070aa00000| Complete 
|  78|0x000000070ac00000, 0x000000070ae00000, 0x000000070ae00000|100%| S|CS|TAMS 0x000000070ac00000, 0x000000070ac00000| Complete 
|  79|0x000000070ae00000, 0x000000070b000000, 0x000000070b000000|100%| S|CS|TAMS 0x000000070ae00000, 0x000000070ae00000| Complete 
|  80|0x000000070b000000, 0x000000070b000000, 0x000000070b200000|  0%| F|  |TAMS 0x000000070b000000, 0x000000070b000000| Untracked 
|  81|0x000000070b200000, 0x000000070b200000, 0x000000070b400000|  0%| F|  |TAMS 0x000000070b200000, 0x000000070b200000| Untracked 
|  82|0x000000070b400000, 0x000000070b400000, 0x000000070b600000|  0%| F|  |TAMS 0x000000070b400000, 0x000000070b400000| Untracked 
|  83|0x000000070b600000, 0x000000070b600000, 0x000000070b800000|  0%| F|  |TAMS 0x000000070b600000, 0x000000070b600000| Untracked 
|  84|0x000000070b800000, 0x000000070b800000, 0x000000070ba00000|  0%| F|  |TAMS 0x000000070b800000, 0x000000070b800000| Untracked 
|  85|0x000000070ba00000, 0x000000070ba00000, 0x000000070bc00000|  0%| F|  |TAMS 0x000000070ba00000, 0x000000070ba00000| Untracked 
|  86|0x000000070bc00000, 0x000000070bc00000, 0x000000070be00000|  0%| F|  |TAMS 0x000000070bc00000, 0x000000070bc00000| Untracked 
|  87|0x000000070be00000, 0x000000070be00000, 0x000000070c000000|  0%| F|  |TAMS 0x000000070be00000, 0x000000070be00000| Untracked 
|  88|0x000000070c000000, 0x000000070c000000, 0x000000070c200000|  0%| F|  |TAMS 0x000000070c000000, 0x000000070c000000| Untracked 
|  89|0x000000070c200000, 0x000000070c200000, 0x000000070c400000|  0%| F|  |TAMS 0x000000070c200000, 0x000000070c200000| Untracked 
|  90|0x000000070c400000, 0x000000070c400000, 0x000000070c600000|  0%| F|  |TAMS 0x000000070c400000, 0x000000070c400000| Untracked 
|  91|0x000000070c600000, 0x000000070c600000, 0x000000070c800000|  0%| F|  |TAMS 0x000000070c600000, 0x000000070c600000| Untracked 
|  92|0x000000070c800000, 0x000000070c800000, 0x000000070ca00000|  0%| F|  |TAMS 0x000000070c800000, 0x000000070c800000| Untracked 
|  93|0x000000070ca00000, 0x000000070ca00000, 0x000000070cc00000|  0%| F|  |TAMS 0x000000070ca00000, 0x000000070ca00000| Untracked 
|  94|0x000000070cc00000, 0x000000070cc00000, 0x000000070ce00000|  0%| F|  |TAMS 0x000000070cc00000, 0x000000070cc00000| Untracked 
|  95|0x000000070ce00000, 0x000000070ce00000, 0x000000070d000000|  0%| F|  |TAMS 0x000000070ce00000, 0x000000070ce00000| Untracked 
|  96|0x000000070d000000, 0x000000070d000000, 0x000000070d200000|  0%| F|  |TAMS 0x000000070d000000, 0x000000070d000000| Untracked 
|  97|0x000000070d200000, 0x000000070d200000, 0x000000070d400000|  0%| F|  |TAMS 0x000000070d200000, 0x000000070d200000| Untracked 
|  98|0x000000070d400000, 0x000000070d400000, 0x000000070d600000|  0%| F|  |TAMS 0x000000070d400000, 0x000000070d400000| Untracked 
|  99|0x000000070d600000, 0x000000070d600000, 0x000000070d800000|  0%| F|  |TAMS 0x000000070d600000, 0x000000070d600000| Untracked 
| 100|0x000000070d800000, 0x000000070d800000, 0x000000070da00000|  0%| F|  |TAMS 0x000000070d800000, 0x000000070d800000| Untracked 
| 101|0x000000070da00000, 0x000000070da00000, 0x000000070dc00000|  0%| F|  |TAMS 0x000000070da00000, 0x000000070da00000| Untracked 
| 102|0x000000070dc00000, 0x000000070dc00000, 0x000000070de00000|  0%| F|  |TAMS 0x000000070dc00000, 0x000000070dc00000| Untracked 
| 103|0x000000070de00000, 0x000000070de00000, 0x000000070e000000|  0%| F|  |TAMS 0x000000070de00000, 0x000000070de00000| Untracked 
| 104|0x000000070e000000, 0x000000070e000000, 0x000000070e200000|  0%| F|  |TAMS 0x000000070e000000, 0x000000070e000000| Untracked 
| 105|0x000000070e200000, 0x000000070e200000, 0x000000070e400000|  0%| F|  |TAMS 0x000000070e200000, 0x000000070e200000| Untracked 
| 106|0x000000070e400000, 0x000000070e400000, 0x000000070e600000|  0%| F|  |TAMS 0x000000070e400000, 0x000000070e400000| Untracked 
| 107|0x000000070e600000, 0x000000070e600000, 0x000000070e800000|  0%| F|  |TAMS 0x000000070e600000, 0x000000070e600000| Untracked 
| 108|0x000000070e800000, 0x000000070e800000, 0x000000070ea00000|  0%| F|  |TAMS 0x000000070e800000, 0x000000070e800000| Untracked 
| 109|0x000000070ea00000, 0x000000070ea00000, 0x000000070ec00000|  0%| F|  |TAMS 0x000000070ea00000, 0x000000070ea00000| Untracked 
| 110|0x000000070ec00000, 0x000000070ec00000, 0x000000070ee00000|  0%| F|  |TAMS 0x000000070ec00000, 0x000000070ec00000| Untracked 
| 111|0x000000070ee00000, 0x000000070ee00000, 0x000000070f000000|  0%| F|  |TAMS 0x000000070ee00000, 0x000000070ee00000| Untracked 
| 112|0x000000070f000000, 0x000000070f000000, 0x000000070f200000|  0%| F|  |TAMS 0x000000070f000000, 0x000000070f000000| Untracked 
| 113|0x000000070f200000, 0x000000070f200000, 0x000000070f400000|  0%| F|  |TAMS 0x000000070f200000, 0x000000070f200000| Untracked 
| 114|0x000000070f400000, 0x000000070f400000, 0x000000070f600000|  0%| F|  |TAMS 0x000000070f400000, 0x000000070f400000| Untracked 
| 115|0x000000070f600000, 0x000000070f600000, 0x000000070f800000|  0%| F|  |TAMS 0x000000070f600000, 0x000000070f600000| Untracked 
| 116|0x000000070f800000, 0x000000070f800000, 0x000000070fa00000|  0%| F|  |TAMS 0x000000070f800000, 0x000000070f800000| Untracked 
| 117|0x000000070fa00000, 0x000000070fa00000, 0x000000070fc00000|  0%| F|  |TAMS 0x000000070fa00000, 0x000000070fa00000| Untracked 
| 118|0x000000070fc00000, 0x000000070fc00000, 0x000000070fe00000|  0%| F|  |TAMS 0x000000070fc00000, 0x000000070fc00000| Untracked 
| 119|0x000000070fe00000, 0x000000070fe00000, 0x0000000710000000|  0%| F|  |TAMS 0x000000070fe00000, 0x000000070fe00000| Untracked 
| 120|0x0000000710000000, 0x0000000710000000, 0x0000000710200000|  0%| F|  |TAMS 0x0000000710000000, 0x0000000710000000| Untracked 
| 121|0x0000000710200000, 0x0000000710200000, 0x0000000710400000|  0%| F|  |TAMS 0x0000000710200000, 0x0000000710200000| Untracked 
| 122|0x0000000710400000, 0x0000000710400000, 0x0000000710600000|  0%| F|  |TAMS 0x0000000710400000, 0x0000000710400000| Untracked 
| 123|0x0000000710600000, 0x0000000710600000, 0x0000000710800000|  0%| F|  |TAMS 0x0000000710600000, 0x0000000710600000| Untracked 
| 124|0x0000000710800000, 0x0000000710800000, 0x0000000710a00000|  0%| F|  |TAMS 0x0000000710800000, 0x0000000710800000| Untracked 
| 125|0x0000000710a00000, 0x0000000710a00000, 0x0000000710c00000|  0%| F|  |TAMS 0x0000000710a00000, 0x0000000710a00000| Untracked 
| 126|0x0000000710c00000, 0x0000000710c00000, 0x0000000710e00000|  0%| F|  |TAMS 0x0000000710c00000, 0x0000000710c00000| Untracked 
| 127|0x0000000710e00000, 0x0000000710e00000, 0x0000000711000000|  0%| F|  |TAMS 0x0000000710e00000, 0x0000000710e00000| Untracked 

Card table byte_map: [0x000001a7fb160000,0x000001a7fb960000] _byte_map_base: 0x000001a7f7958000

Marking Bits (Prev, Next): (CMBitMap*) 0x000001a7f6fb39c0, (CMBitMap*) 0x000001a7f6fb3a00
 Prev Bits: [0x000001a78f000000, 0x000001a792fc0000)
 Next Bits: [0x000001a792fc0000, 0x000001a796f80000)

Polling page: 0x000001a7f6710000

Metaspace:

Usage:
  Non-class:     78.94 MB used.
      Class:      9.36 MB used.
       Both:     88.30 MB used.

Virtual space:
  Non-class space:       80.00 MB reserved,      79.12 MB ( 99%) committed,  10 nodes.
      Class space:        1.00 GB reserved,       9.56 MB ( <1%) committed,  1 nodes.
             Both:        1.08 GB reserved,      88.69 MB (  8%) committed. 

Chunk freelists:
   Non-Class:  848.00 KB
       Class:  2.48 MB
        Both:  3.31 MB

MaxMetaspaceSize: unlimited
CompressedClassSpaceSize: 1.00 GB
Initial GC threshold: 21.00 MB
Current GC threshold: 146.19 MB
CDS: off
MetaspaceReclaimPolicy: balanced
 - commit_granule_bytes: 65536.
 - commit_granule_words: 8192.
 - virtual_space_node_default_size: 1048576.
 - enlarge_chunks_in_place: 1.
 - new_chunks_are_fully_committed: 0.
 - uncommit_free_chunks: 1.
 - use_allocation_guard: 0.
 - handle_deallocations: 1.


Internal statistics:

num_allocs_failed_limit: 6.
num_arena_births: 470.
num_arena_deaths: 0.
num_vsnodes_births: 11.
num_vsnodes_deaths: 0.
num_space_committed: 1417.
num_space_uncommitted: 0.
num_chunks_returned_to_freelist: 6.
num_chunks_taken_from_freelist: 3381.
num_chunk_merges: 6.
num_chunk_splits: 2729.
num_chunks_enlarged: 2361.
num_purges: 0.
num_inconsistent_stats: 0.

CodeHeap 'non-profiled nmethods': size=120000Kb used=9276Kb max_used=9377Kb free=110723Kb
 bounds [0x000001a787ad0000, 0x000001a788400000, 0x000001a78f000000]
CodeHeap 'profiled nmethods': size=120000Kb used=49494Kb max_used=49650Kb free=70505Kb
 bounds [0x000001a780000000, 0x000001a783080000, 0x000001a787530000]
CodeHeap 'non-nmethods': size=5760Kb used=1423Kb max_used=1485Kb free=4336Kb
 bounds [0x000001a787530000, 0x000001a7877a0000, 0x000001a787ad0000]
 total_blobs=16570 nmethods=15817 adapters=660
 compilation: enabled
              stopped_count=0, restarted_count=0
 full_count=0

Compilation events (20 events):
Event: 14.293 Thread 0x000001a7ff8a0200 nmethod 19406 0x000001a7881c0c90 code [0x000001a7881c0f00, 0x000001a7881c1a00]
Event: 14.293 Thread 0x000001a7ff8a0200 19282       4       org.jetbrains.kotlin.backend.jvm.mapping.IrTypeMapper::classInternalName (101 bytes)
Event: 14.298 Thread 0x000001a7ff8b26d0 19425       2       org.jetbrains.org.objectweb.asm.SymbolTable::addUninitializedType (103 bytes)
Event: 14.298 Thread 0x000001a7ff8b26d0 nmethod 19425 0x000001a7803c4790 code [0x000001a7803c4960, 0x000001a7803c4cf8]
Event: 14.298 Thread 0x000001a7ff8b26d0 19426       1       org.jetbrains.kotlin.codegen.state.GenerationState::getTypeApproximator (5 bytes)
Event: 14.298 Thread 0x000001a7ff8b26d0 nmethod 19426 0x000001a787f8bc90 code [0x000001a787f8be20, 0x000001a787f8bef8]
Event: 14.300 Thread 0x000001a7ff8b26d0 19427       2       org.jetbrains.kotlin.backend.jvm.codegen.ExpressionCodegen::visitConstructorCall (10 bytes)
Event: 14.300 Thread 0x000001a7ff8b26d0 nmethod 19427 0x000001a78307bb10 code [0x000001a78307bca0, 0x000001a78307be08]
Event: 14.300 Thread 0x000001a7ff8b26d0 19428       2       org.jetbrains.kotlin.backend.jvm.codegen.ExpressionCodegen::visitConstructorCall (208 bytes)
Event: 14.302 Thread 0x000001a7ff8b26d0 nmethod 19428 0x000001a78307bf10 code [0x000001a78307c4e0, 0x000001a78307df58]
Event: 14.312 Thread 0x000001a7ff8a0200 nmethod 19282 0x000001a7880bf810 code [0x000001a7880bfa60, 0x000001a7880c0d68]
Event: 14.312 Thread 0x000001a7ff8a0200 19423       4       org.jetbrains.kotlin.codegen.optimization.common.FastMethodAnalyzer$Companion::findMergeNodes (347 bytes)
Event: 14.321 Thread 0x000001a7ff8b26d0 19433 %     3       org.jetbrains.kotlin.codegen.inline.MethodInliner::markObsoleteInstruction @ 37 (343 bytes)
Event: 14.324 Thread 0x000001a7ff8b26d0 nmethod 19433% 0x000001a782d75390 code [0x000001a782d75ac0, 0x000001a782d7ab88]
Event: 14.325 Thread 0x000001a7ff8b26d0 19435       1       org.jetbrains.kotlin.types.Variance::getLabel (5 bytes)
Event: 14.325 Thread 0x000001a7ff8b26d0 nmethod 19435 0x000001a788373f90 code [0x000001a788374120, 0x000001a7883741f8]
Event: 14.325 Thread 0x000001a7ff8b26d0 19436 % !   3       org.jetbrains.kotlin.codegen.inline.MethodInliner::preprocessNodeBeforeInline @ 165 (287 bytes)
Event: 14.327 Thread 0x000001a7ff8b26d0 nmethod 19436% 0x000001a782a78690 code [0x000001a782a78b80, 0x000001a782a7b278]
Event: 14.330 Thread 0x000001a7ff8a0200 nmethod 19423 0x000001a7883ca510 code [0x000001a7883ca760, 0x000001a7883cb550]
Event: 14.330 Thread 0x000001a7ff8a0200 19431       4       org.jetbrains.kotlin.codegen.optimization.LabelNormalizationMethodTransformer$TransformerForMethod::rewriteLabelInstructions (97 bytes)

GC Heap History (20 events):
Event: 8.912 GC heap after
{Heap after GC invocations=20 (full 0):
 garbage-first heap   total 190464K, used 92761K [0x0000000701000000, 0x0000000800000000)
  region size 2048K, 3 young (6144K), 3 survivors (6144K)
 Metaspace       used 64971K, committed 65216K, reserved 1114112K
  class space    used 7249K, committed 7360K, reserved 1048576K
}
Event: 9.836 GC heap before
{Heap before GC invocations=20 (full 0):
 garbage-first heap   total 190464K, used 150105K [0x0000000701000000, 0x0000000800000000)
  region size 2048K, 31 young (63488K), 3 survivors (6144K)
 Metaspace       used 72183K, committed 72448K, reserved 1114112K
  class space    used 8004K, committed 8128K, reserved 1048576K
}
Event: 9.847 GC heap after
{Heap after GC invocations=21 (full 0):
 garbage-first heap   total 190464K, used 100841K [0x0000000701000000, 0x0000000800000000)
  region size 2048K, 4 young (8192K), 4 survivors (8192K)
 Metaspace       used 72183K, committed 72448K, reserved 1114112K
  class space    used 8004K, committed 8128K, reserved 1048576K
}
Event: 10.800 GC heap before
{Heap before GC invocations=22 (full 0):
 garbage-first heap   total 190464K, used 147945K [0x0000000701000000, 0x0000000800000000)
  region size 2048K, 28 young (57344K), 4 survivors (8192K)
 Metaspace       used 74143K, committed 74496K, reserved 1122304K
  class space    used 8170K, committed 8320K, reserved 1048576K
}
Event: 10.818 GC heap after
{Heap after GC invocations=23 (full 0):
 garbage-first heap   total 190464K, used 112431K [0x0000000701000000, 0x0000000800000000)
  region size 2048K, 4 young (8192K), 4 survivors (8192K)
 Metaspace       used 74143K, committed 74496K, reserved 1122304K
  class space    used 8170K, committed 8320K, reserved 1048576K
}
Event: 10.857 GC heap before
{Heap before GC invocations=23 (full 0):
 garbage-first heap   total 190464K, used 114479K [0x0000000701000000, 0x0000000800000000)
  region size 2048K, 5 young (10240K), 4 survivors (8192K)
 Metaspace       used 74361K, committed 74752K, reserved 1122304K
  class space    used 8205K, committed 8384K, reserved 1048576K
}
Event: 10.870 GC heap after
{Heap after GC invocations=24 (full 0):
 garbage-first heap   total 229376K, used 113087K [0x0000000701000000, 0x0000000800000000)
  region size 2048K, 1 young (2048K), 1 survivors (2048K)
 Metaspace       used 74361K, committed 74752K, reserved 1122304K
  class space    used 8205K, committed 8384K, reserved 1048576K
}
Event: 11.935 GC heap before
{Heap before GC invocations=24 (full 0):
 garbage-first heap   total 229376K, used 176575K [0x0000000701000000, 0x0000000800000000)
  region size 2048K, 32 young (65536K), 1 survivors (2048K)
 Metaspace       used 83250K, committed 83712K, reserved 1130496K
  class space    used 9135K, committed 9344K, reserved 1048576K
}
Event: 11.943 GC heap after
{Heap after GC invocations=25 (full 0):
 garbage-first heap   total 229376K, used 114493K [0x0000000701000000, 0x0000000800000000)
  region size 2048K, 2 young (4096K), 2 survivors (4096K)
 Metaspace       used 83250K, committed 83712K, reserved 1130496K
  class space    used 9135K, committed 9344K, reserved 1048576K
}
Event: 12.805 GC heap before
{Heap before GC invocations=26 (full 0):
 garbage-first heap   total 229376K, used 177981K [0x0000000701000000, 0x0000000800000000)
  region size 2048K, 34 young (69632K), 2 survivors (4096K)
 Metaspace       used 87361K, committed 87744K, reserved 1130496K
  class space    used 9425K, committed 9600K, reserved 1048576K
}
Event: 12.813 GC heap after
{Heap after GC invocations=27 (full 0):
 garbage-first heap   total 229376K, used 117033K [0x0000000701000000, 0x0000000800000000)
  region size 2048K, 4 young (8192K), 4 survivors (8192K)
 Metaspace       used 87361K, committed 87744K, reserved 1130496K
  class space    used 9425K, committed 9600K, reserved 1048576K
}
Event: 12.846 GC heap before
{Heap before GC invocations=27 (full 0):
 garbage-first heap   total 229376K, used 119081K [0x0000000701000000, 0x0000000800000000)
  region size 2048K, 5 young (10240K), 4 survivors (8192K)
 Metaspace       used 87486K, committed 87872K, reserved 1130496K
  class space    used 9425K, committed 9600K, reserved 1048576K
}
Event: 12.855 GC heap after
{Heap after GC invocations=28 (full 0):
 garbage-first heap   total 229376K, used 115112K [0x0000000701000000, 0x0000000800000000)
  region size 2048K, 1 young (2048K), 1 survivors (2048K)
 Metaspace       used 87486K, committed 87872K, reserved 1130496K
  class space    used 9425K, committed 9600K, reserved 1048576K
}
Event: 13.481 GC heap before
{Heap before GC invocations=28 (full 0):
 garbage-first heap   total 229376K, used 180648K [0x0000000701000000, 0x0000000800000000)
  region size 2048K, 33 young (67584K), 1 survivors (2048K)
 Metaspace       used 89381K, committed 89792K, reserved 1130496K
  class space    used 9529K, committed 9728K, reserved 1048576K
}
Event: 13.483 GC heap after
{Heap after GC invocations=29 (full 0):
 garbage-first heap   total 229376K, used 117858K [0x0000000701000000, 0x0000000800000000)
  region size 2048K, 2 young (4096K), 2 survivors (4096K)
 Metaspace       used 89381K, committed 89792K, reserved 1130496K
  class space    used 9529K, committed 9728K, reserved 1048576K
}
Event: 13.954 GC heap before
{Heap before GC invocations=30 (full 0):
 garbage-first heap   total 229376K, used 183394K [0x0000000701000000, 0x0000000800000000)
  region size 2048K, 34 young (69632K), 2 survivors (4096K)
 Metaspace       used 90046K, committed 90432K, reserved 1130496K
  class space    used 9554K, committed 9728K, reserved 1048576K
}
Event: 13.958 GC heap after
{Heap after GC invocations=31 (full 0):
 garbage-first heap   total 229376K, used 122122K [0x0000000701000000, 0x0000000800000000)
  region size 2048K, 4 young (8192K), 4 survivors (8192K)
 Metaspace       used 90046K, committed 90432K, reserved 1130496K
  class space    used 9554K, committed 9728K, reserved 1048576K
}
Event: 13.976 GC heap before
{Heap before GC invocations=31 (full 0):
 garbage-first heap   total 229376K, used 124170K [0x0000000701000000, 0x0000000800000000)
  region size 2048K, 5 young (10240K), 4 survivors (8192K)
 Metaspace       used 90060K, committed 90432K, reserved 1130496K
  class space    used 9556K, committed 9728K, reserved 1048576K
}
Event: 13.980 GC heap after
{Heap after GC invocations=32 (full 0):
 garbage-first heap   total 229376K, used 121940K [0x0000000701000000, 0x0000000800000000)
  region size 2048K, 1 young (2048K), 1 survivors (2048K)
 Metaspace       used 90060K, committed 90432K, reserved 1130496K
  class space    used 9556K, committed 9728K, reserved 1048576K
}
Event: 14.331 GC heap before
{Heap before GC invocations=32 (full 0):
 garbage-first heap   total 229376K, used 185428K [0x0000000701000000, 0x0000000800000000)
  region size 2048K, 32 young (65536K), 1 survivors (2048K)
 Metaspace       used 90420K, committed 90816K, reserved 1130496K
  class space    used 9584K, committed 9792K, reserved 1048576K
}

Dll operation events (2 events):
Event: 0.087 Loaded shared library F:\instalacion_android\jbr\bin\java.dll
Event: 1.150 Loaded shared library F:\instalacion_android\jbr\bin\verify.dll

Deoptimization events (20 events):
Event: 14.171 Thread 0x000001a7f6f45c90 Uncommon trap: trap_request=0xffffff45 fr.pc=0x000001a78836f924 relative=0x0000000000000764
Event: 14.171 Thread 0x000001a7f6f45c90 Uncommon trap: reason=unstable_if action=reinterpret pc=0x000001a78836f924 method=org.jetbrains.kotlin.codegen.optimization.common.OptimizationBasicInterpreter.merge(Lorg/jetbrains/org/objectweb/asm/tree/analysis/BasicValue;Lorg/jetbrains/org/objectweb/as
Event: 14.171 Thread 0x000001a7f6f45c90 DEOPT PACKING pc=0x000001a78836f924 sp=0x00000024957fda30
Event: 14.171 Thread 0x000001a7f6f45c90 DEOPT UNPACKING pc=0x000001a7875869a3 sp=0x00000024957fd918 mode 2
Event: 14.171 Thread 0x000001a7f6f45c90 Uncommon trap: trap_request=0xffffff45 fr.pc=0x000001a788325d90 relative=0x00000000000006f0
Event: 14.171 Thread 0x000001a7f6f45c90 Uncommon trap: reason=unstable_if action=reinterpret pc=0x000001a788325d90 method=org.jetbrains.kotlin.codegen.optimization.common.OptimizationBasicInterpreter.merge(Lorg/jetbrains/org/objectweb/asm/tree/analysis/BasicValue;Lorg/jetbrains/org/objectweb/as
Event: 14.171 Thread 0x000001a7f6f45c90 DEOPT PACKING pc=0x000001a788325d90 sp=0x00000024957fd9a0
Event: 14.171 Thread 0x000001a7f6f45c90 DEOPT UNPACKING pc=0x000001a7875869a3 sp=0x00000024957fd910 mode 2
Event: 14.227 Thread 0x000001a7f6f45c90 Uncommon trap: trap_request=0xffffff45 fr.pc=0x000001a787d9fce8 relative=0x00000000000001c8
Event: 14.227 Thread 0x000001a7f6f45c90 Uncommon trap: reason=unstable_if action=reinterpret pc=0x000001a787d9fce8 method=java.util.HashMap.getNode(Ljava/lang/Object;)Ljava/util/HashMap$Node; @ 66 c2
Event: 14.227 Thread 0x000001a7f6f45c90 DEOPT PACKING pc=0x000001a787d9fce8 sp=0x00000024957fe1f0
Event: 14.227 Thread 0x000001a7f6f45c90 DEOPT UNPACKING pc=0x000001a7875869a3 sp=0x00000024957fe160 mode 2
Event: 14.258 Thread 0x000001a7f6f45c90 DEOPT PACKING pc=0x000001a7822f3b3f sp=0x00000024957fdc10
Event: 14.258 Thread 0x000001a7f6f45c90 DEOPT UNPACKING pc=0x000001a787587143 sp=0x00000024957fd130 mode 0
Event: 14.261 Thread 0x000001a7f6f45c90 DEOPT PACKING pc=0x000001a78235af7d sp=0x00000024957fdd20
Event: 14.261 Thread 0x000001a7f6f45c90 DEOPT UNPACKING pc=0x000001a787587143 sp=0x00000024957fd1d0 mode 0
Event: 14.271 Thread 0x000001a7f6f45c90 DEOPT PACKING pc=0x000001a7822f3b3f sp=0x00000024957fdc10
Event: 14.271 Thread 0x000001a7f6f45c90 DEOPT UNPACKING pc=0x000001a787587143 sp=0x00000024957fd130 mode 0
Event: 14.329 Thread 0x000001a7f6f45c90 DEOPT PACKING pc=0x000001a7822f3b3f sp=0x00000024957fdc10
Event: 14.329 Thread 0x000001a7f6f45c90 DEOPT UNPACKING pc=0x000001a787587143 sp=0x00000024957fd130 mode 0

Classes unloaded (0 events):
No events

Classes redefined (0 events):
No events

Internal exceptions (20 events):
Event: 8.001 Thread 0x000001a7f6f45c90 Exception <a 'java/lang/NoSuchMethodError'{0x0000000710e6b7b8}: 'java.lang.Object java.lang.invoke.DirectMethodHandle$Holder.invokeInterface(java.lang.Object, java.lang.Object, java.lang.Object)'> (0x0000000710e6b7b8) 
thrown [s\src\hotspot\share\interpreter\linkResolver.cpp, line 771]
Event: 8.002 Thread 0x000001a7f6f45c90 Exception <a 'java/lang/IncompatibleClassChangeError'{0x0000000710e6f3d0}: Found class java.lang.Object, but interface was expected> (0x0000000710e6f3d0) 
thrown [s\src\hotspot\share\interpreter\linkResolver.cpp, line 838]
Event: 8.594 Thread 0x000001a7f6f45c90 Implicit null exception at 0x000001a787b6d60f to 0x000001a787b6d890
Event: 8.742 Thread 0x000001a7f6f45c90 Implicit null exception at 0x000001a7880215e0 to 0x000001a788021918
Event: 8.742 Thread 0x000001a7f6f45c90 Implicit null exception at 0x000001a787dc9e54 to 0x000001a787dca164
Event: 8.926 Thread 0x000001a7f6f45c90 Exception <a 'java/lang/NoSuchMethodError'{0x0000000710ee63c0}: 'java.lang.Object java.lang.invoke.DirectMethodHandle$Holder.invokeStaticInit(java.lang.Object, java.lang.Object, java.lang.Object, java.lang.Object)'> (0x0000000710ee63c0) 
thrown [s\src\hotspot\share\interpreter\linkResolver.cpp, line 771]
Event: 9.116 Thread 0x000001a7f6f45c90 Exception <a 'java/lang/NoSuchMethodError'{0x000000070bde6220}: 'java.lang.Object java.lang.invoke.DirectMethodHandle$Holder.newInvokeSpecial(java.lang.Object, java.lang.Object, java.lang.Object, int, int, java.lang.Object)'> (0x000000070bde6220) 
thrown [s\src\hotspot\share\interpreter\linkResolver.cpp, line 771]
Event: 9.205 Thread 0x000001a7f6f45c90 Exception <a 'java/lang/NoSuchMethodError'{0x000000070b6bdf20}: 'java.lang.Object java.lang.invoke.DirectMethodHandle$Holder.newInvokeSpecial(java.lang.Object, java.lang.Object, java.lang.Object, int, int, java.lang.Object, java.lang.Object, java.lang.Object, java.lang.Object)'> (0x000000070b6bdf20) 
thrown [s\src\hotspot\share\interpreter\linkResolver.cpp, line 771]
Event: 9.206 Thread 0x000001a7f6f45c90 Exception <a 'java/lang/NoSuchMethodError'{0x000000070b6c77c8}: 'java.lang.Object java.lang.invoke.Invokers$Holder.linkToTargetMethod(java.lang.Object, java.lang.Object, int, int, java.lang.Object, java.lang.Object, java.lang.Object, java.lang.Object, java.lang.Object)'> (0x000000070b6c77c8) 
thrown [s\src\hotspot\share\interpreter\linkResolver.cpp, line 771]
Event: 9.305 Thread 0x000001a7f6f45c90 Implicit null exception at 0x000001a787b3df99 to 0x000001a787b3e270
Event: 9.307 Thread 0x000001a7f6f45c90 Exception <a 'java/lang/NoSuchMethodError'{0x000000070b20de18}: 'java.lang.Object java.lang.invoke.DirectMethodHandle$Holder.newInvokeSpecial(java.lang.Object, java.lang.Object, int, int, java.lang.Object, java.lang.Object, java.lang.Object)'> (0x000000070b20de18) 
thrown [s\src\hotspot\share\interpreter\linkResolver.cpp, line 771]
Event: 9.322 Thread 0x000001a7f6f45c90 Exception <a 'java/lang/NoSuchMethodError'{0x000000070b285e78}: 'java.lang.Object java.lang.invoke.DirectMethodHandle$Holder.invokeStatic(java.lang.Object, java.lang.Object, java.lang.Object, int, int, java.lang.Object, java.lang.Object, java.lang.Object)'> (0x000000070b285e78) 
thrown [s\src\hotspot\share\interpreter\linkResolver.cpp, line 771]
Event: 9.322 Thread 0x000001a7f6f45c90 Exception <a 'java/lang/NoSuchMethodError'{0x000000070b28eaf8}: 'java.lang.Object java.lang.invoke.DirectMethodHandle$Holder.newInvokeSpecial(java.lang.Object, java.lang.Object, java.lang.Object, int, int)'> (0x000000070b28eaf8) 
thrown [s\src\hotspot\share\interpreter\linkResolver.cpp, line 771]
Event: 9.322 Thread 0x000001a7f6f45c90 Exception <a 'java/lang/NoSuchMethodError'{0x000000070b292938}: 'java.lang.Object java.lang.invoke.DirectMethodHandle$Holder.invokeSpecial(java.lang.Object, java.lang.Object, java.lang.Object, java.lang.Object, int, int)'> (0x000000070b292938) 
thrown [s\src\hotspot\share\interpreter\linkResolver.cpp, line 771]
Event: 9.323 Thread 0x000001a7f6f45c90 Exception <a 'java/lang/NoSuchMethodError'{0x000000070b296378}: 'java.lang.Object java.lang.invoke.Invokers$Holder.linkToTargetMethod(java.lang.Object, java.lang.Object, int, int, java.lang.Object)'> (0x000000070b296378) 
thrown [s\src\hotspot\share\interpreter\linkResolver.cpp, line 771]
Event: 9.511 Thread 0x000001a7f6f45c90 Exception <a 'java/lang/NoSuchMethodError'{0x000000070a804ba8}: 'java.lang.Object java.lang.invoke.DirectMethodHandle$Holder.newInvokeSpecial(java.lang.Object, int, java.lang.Object, java.lang.Object)'> (0x000000070a804ba8) 
thrown [s\src\hotspot\share\interpreter\linkResolver.cpp, line 771]
Event: 11.381 Thread 0x000001a7f6f45c90 Implicit null exception at 0x000001a7881fd428 to 0x000001a7881fec74
Event: 11.764 Thread 0x000001a7f6f45c90 Implicit null exception at 0x000001a788025ae2 to 0x000001a788026064
Event: 12.641 Thread 0x000001a7f6f45c90 Implicit null exception at 0x000001a78830d72f to 0x000001a78830d8d8
Event: 13.080 Thread 0x000001a7f6f45c90 Implicit null exception at 0x000001a78834e032 to 0x000001a78834e101

VM Operations (20 events):
Event: 13.769 Executing VM operation: ICBufferFull done
Event: 13.892 Executing VM operation: ICBufferFull
Event: 13.892 Executing VM operation: ICBufferFull done
Event: 13.954 Executing VM operation: G1CollectForAllocation
Event: 13.958 Executing VM operation: G1CollectForAllocation done
Event: 13.975 Executing VM operation: G1CollectForAllocation
Event: 13.981 Executing VM operation: G1CollectForAllocation done
Event: 13.993 Executing VM operation: HandshakeAllThreads
Event: 13.993 Executing VM operation: HandshakeAllThreads done
Event: 14.010 Executing VM operation: HandshakeAllThreads
Event: 14.010 Executing VM operation: HandshakeAllThreads done
Event: 14.015 Executing VM operation: HandshakeAllThreads
Event: 14.015 Executing VM operation: HandshakeAllThreads done
Event: 14.019 Executing VM operation: HandshakeAllThreads
Event: 14.019 Executing VM operation: HandshakeAllThreads done
Event: 14.150 Executing VM operation: ICBufferFull
Event: 14.150 Executing VM operation: ICBufferFull done
Event: 14.287 Executing VM operation: HandshakeAllThreads
Event: 14.288 Executing VM operation: HandshakeAllThreads done
Event: 14.330 Executing VM operation: G1CollectForAllocation

Events (20 events):
Event: 14.313 Thread 0x000001a7ff8c6150 flushing nmethod 0x000001a782a6d810
Event: 14.313 Thread 0x000001a7ff8c6150 flushing nmethod 0x000001a782a78690
Event: 14.313 Thread 0x000001a7ff8c6150 flushing nmethod 0x000001a782a79410
Event: 14.314 Thread 0x000001a7ff8c6150 flushing nmethod 0x000001a782a92f10
Event: 14.314 Thread 0x000001a7ff8c6150 flushing nmethod 0x000001a782a95310
Event: 14.314 Thread 0x000001a7ff8c6150 flushing nmethod 0x000001a782a98b90
Event: 14.314 Thread 0x000001a7ff8c6150 flushing nmethod 0x000001a782aa2690
Event: 14.314 Thread 0x000001a7ff8c6150 flushing nmethod 0x000001a782ab5890
Event: 14.314 Thread 0x000001a7ff8c6150 flushing nmethod 0x000001a782ab7710
Event: 14.314 Thread 0x000001a7ff8c6150 flushing nmethod 0x000001a782ae3810
Event: 14.314 Thread 0x000001a7ff8c6150 flushing nmethod 0x000001a782b1d790
Event: 14.314 Thread 0x000001a7ff8c6150 flushing nmethod 0x000001a782badc90
Event: 14.314 Thread 0x000001a7ff8c6150 flushing nmethod 0x000001a782bf0010
Event: 14.315 Thread 0x000001a7ff8c6150 flushing nmethod 0x000001a782c76610
Event: 14.315 Thread 0x000001a7ff8c6150 flushing nmethod 0x000001a782d57b90
Event: 14.315 Thread 0x000001a7ff8c6150 flushing nmethod 0x000001a782d6c690
Event: 14.315 Thread 0x000001a7ff8c6150 flushing nmethod 0x000001a782d6d290
Event: 14.315 Thread 0x000001a7ff8c6150 flushing nmethod 0x000001a782d7e010
Event: 14.315 Thread 0x000001a7ff8c6150 flushing nmethod 0x000001a782de1410
Event: 14.316 Thread 0x000001a7ff8c6150 flushing nmethod 0x000001a782e84210


Dynamic libraries:
0x00007ff7d05a0000 - 0x00007ff7d05aa000 	F:\instalacion_android\jbr\bin\java.exe
0x00007ffeb9b10000 - 0x00007ffeb9d24000 	C:\Windows\SYSTEM32\ntdll.dll
0x00007ffeb8590000 - 0x00007ffeb8654000 	C:\Windows\System32\KERNEL32.DLL
0x00007ffeb74f0000 - 0x00007ffeb7894000 	C:\Windows\System32\KERNELBASE.dll
0x00007ffeb73d0000 - 0x00007ffeb74e1000 	C:\Windows\System32\ucrtbase.dll
0x00007ffe89030000 - 0x00007ffe89047000 	F:\instalacion_android\jbr\bin\jli.dll
0x00007ffead9d0000 - 0x00007ffead9eb000 	F:\instalacion_android\jbr\bin\VCRUNTIME140.dll
0x00007ffeb78a0000 - 0x00007ffeb7a4e000 	C:\Windows\System32\USER32.dll
0x00007ffeb72b0000 - 0x00007ffeb72d6000 	C:\Windows\System32\win32u.dll
0x00007ffeb8c20000 - 0x00007ffeb8c49000 	C:\Windows\System32\GDI32.dll
0x00007ffeb70f0000 - 0x00007ffeb7208000 	C:\Windows\System32\gdi32full.dll
0x00007ffe9ded0000 - 0x00007ffe9e163000 	C:\Windows\WinSxS\amd64_microsoft.windows.common-controls_6595b64144ccf1df_6.0.22621.2215_none_270d72677387dfc3\COMCTL32.dll
0x00007ffeb7210000 - 0x00007ffeb72aa000 	C:\Windows\System32\msvcp_win.dll
0x00007ffeb9920000 - 0x00007ffeb99c7000 	C:\Windows\System32\msvcrt.dll
0x00007ffeb8850000 - 0x00007ffeb8881000 	C:\Windows\System32\IMM32.DLL
0x00007ffeb4290000 - 0x00007ffeb429c000 	F:\instalacion_android\jbr\bin\vcruntime140_1.dll
0x00007ffead940000 - 0x00007ffead9cd000 	F:\instalacion_android\jbr\bin\msvcp140.dll
0x00007ffe721d0000 - 0x00007ffe72e3e000 	F:\instalacion_android\jbr\bin\server\jvm.dll
0x00007ffeb7b90000 - 0x00007ffeb7c40000 	C:\Windows\System32\ADVAPI32.dll
0x00007ffeb95a0000 - 0x00007ffeb9646000 	C:\Windows\System32\sechost.dll
0x00007ffeb8c50000 - 0x00007ffeb8d67000 	C:\Windows\System32\RPCRT4.dll
0x00007ffea6b80000 - 0x00007ffea6bb4000 	C:\Windows\SYSTEM32\WINMM.dll
0x00007ffeb1480000 - 0x00007ffeb148a000 	C:\Windows\SYSTEM32\VERSION.dll
0x00007ffea4e10000 - 0x00007ffea4e19000 	C:\Windows\SYSTEM32\WSOCK32.dll
0x00007ffeb7ec0000 - 0x00007ffeb7f31000 	C:\Windows\System32\WS2_32.dll
0x00007ffeb5fb0000 - 0x00007ffeb5fc8000 	C:\Windows\SYSTEM32\kernel.appcore.dll
0x00007ffe9c430000 - 0x00007ffe9c43a000 	F:\instalacion_android\jbr\bin\jimage.dll
0x00007ffea55b0000 - 0x00007ffea57de000 	C:\Windows\SYSTEM32\DBGHELP.DLL
0x00007ffeb8890000 - 0x00007ffeb8c1a000 	C:\Windows\System32\combase.dll
0x00007ffeb7c40000 - 0x00007ffeb7d17000 	C:\Windows\System32\OLEAUT32.dll
0x00007ffea5360000 - 0x00007ffea5392000 	C:\Windows\SYSTEM32\dbgcore.DLL
0x00007ffeb72e0000 - 0x00007ffeb735a000 	C:\Windows\System32\bcryptPrimitives.dll
0x00007ffe92e10000 - 0x00007ffe92e35000 	F:\instalacion_android\jbr\bin\java.dll
0x00007ffe8aad0000 - 0x00007ffe8aae8000 	F:\instalacion_android\jbr\bin\zip.dll
0x00007ffeb8d70000 - 0x00007ffeb9593000 	C:\Windows\System32\SHELL32.dll
0x00007ffeb4e50000 - 0x00007ffeb573a000 	C:\Windows\SYSTEM32\windows.storage.dll
0x00007ffeb4d10000 - 0x00007ffeb4e4e000 	C:\Windows\SYSTEM32\wintypes.dll
0x00007ffeb8670000 - 0x00007ffeb8763000 	C:\Windows\System32\SHCORE.dll
0x00007ffeb7a50000 - 0x00007ffeb7aae000 	C:\Windows\System32\shlwapi.dll
0x00007ffeb6df0000 - 0x00007ffeb6e16000 	C:\Windows\SYSTEM32\profapi.dll
0x00007ffe8a990000 - 0x00007ffe8a9a9000 	F:\instalacion_android\jbr\bin\net.dll
0x00007ffeb1020000 - 0x00007ffeb1157000 	C:\Windows\SYSTEM32\WINHTTP.dll
0x00007ffeb6480000 - 0x00007ffeb64e9000 	C:\Windows\system32\mswsock.dll
0x00007ffe8a970000 - 0x00007ffe8a986000 	F:\instalacion_android\jbr\bin\nio.dll
0x00007ffe99fd0000 - 0x00007ffe99fe0000 	F:\instalacion_android\jbr\bin\verify.dll

dbghelp: loaded successfully - version: 4.0.5 - missing functions: none
symbol engine: initialized successfully - sym options: 0x614 - pdb path: .;F:\instalacion_android\jbr\bin;C:\Windows\SYSTEM32;C:\Windows\WinSxS\amd64_microsoft.windows.common-controls_6595b64144ccf1df_6.0.22621.2215_none_270d72677387dfc3;F:\instalacion_android\jbr\bin\server

VM Arguments:
java_command: org.jetbrains.kotlin.cli.jvm.K2JVMCompiler @D:\Ejercicios_Android_3\AppZonaTienda_AppEnsayo\app\build\20230905_14245681146032230908.compiler.options
java_class_path (initial): C:\Users\willi\.gradle\caches\modules-2\files-2.1\org.jetbrains.kotlin\kotlin-compiler-embeddable\1.8.10\b0757fd774344d54ce93f5ad6c30ba1c1731c8ff\kotlin-compiler-embeddable-1.8.10.jar;C:\Users\willi\.gradle\caches\modules-2\files-2.1\org.jetbrains.kotlin\kotlin-stdlib\1.8.10\6d5560a229477df9406943d5feda5618e98eb64c\kotlin-stdlib-1.8.10.jar;C:\Users\willi\.gradle\caches\modules-2\files-2.1\org.jetbrains.kotlin\kotlin-script-runtime\1.8.10\b13ea9c7e46d589139e56086a878763290e20bd5\kotlin-script-runtime-1.8.10.jar;C:\Users\willi\.gradle\caches\modules-2\files-2.1\org.jetbrains.kotlin\kotlin-reflect\1.6.10\1cbe9c92c12a94eea200d23c2bbaedaf3daf5132\kotlin-reflect-1.6.10.jar;C:\Users\willi\.gradle\caches\modules-2\files-2.1\org.jetbrains.kotlin\kotlin-daemon-embeddable\1.8.10\ad8541d9bc1cf9e52c3204161247910c2cf601d4\kotlin-daemon-embeddable-1.8.10.jar;C:\Users\willi\.gradle\caches\modules-2\files-2.1\org.jetbrains.intellij.deps\trove4j\1.0.20200330\3afb14d5f9ceb459d724e907a21145e8ff394f02\trove4j-1.0.20200330.jar;C:\Users\willi\.gradle\caches\modules-2\files-2.1\net.java.dev.jna\jna\5.6.0\330f2244e9030119ab3030fc3fededc86713d9cc\jna-5.6.0.jar;C:\Users\willi\.gradle\caches\modules-2\files-2.1\org.jetbrains.kotlin\kotlin-stdlib-common\1.8.10\a61b182458550492c12aee66157d7b524a63a5ec\kotlin-stdlib-common-1.8.10.jar;C:\Users\willi\.gradle\caches\modules-2\files-2.1\org.jetbrains\annotations\13.0\919f0dfe192fb4e063e7dacadee7f8bb9a2672a9\annotations-13.0.jar
Launcher Type: SUN_STANDARD

[Global flags]
     intx CICompilerCount                          = 4                                         {product} {ergonomic}
     uint ConcGCThreads                            = 3                                         {product} {ergonomic}
     uint G1ConcRefinementThreads                  = 10                                        {product} {ergonomic}
   size_t G1HeapRegionSize                         = 2097152                                   {product} {ergonomic}
    uintx GCDrainStackTargetSize                   = 64                                        {product} {ergonomic}
   size_t InitialHeapSize                          = 268435456                                 {product} {ergonomic}
   size_t MarkStackSize                            = 4194304                                   {product} {ergonomic}
   size_t MaxHeapSize                              = 4278190080                                {product} {ergonomic}
   size_t MaxNewSize                               = 2566914048                                {product} {ergonomic}
   size_t MinHeapDeltaBytes                        = 2097152                                   {product} {ergonomic}
   size_t MinHeapSize                              = 8388608                                   {product} {ergonomic}
    uintx NonNMethodCodeHeapSize                   = 5839372                                {pd product} {ergonomic}
    uintx NonProfiledCodeHeapSize                  = 122909434                              {pd product} {ergonomic}
    uintx ProfiledCodeHeapSize                     = 122909434                              {pd product} {ergonomic}
    uintx ReservedCodeCacheSize                    = 251658240                              {pd product} {ergonomic}
     bool SegmentedCodeCache                       = true                                      {product} {ergonomic}
   size_t SoftMaxHeapSize                          = 4278190080                             {manageable} {ergonomic}
     bool UseCompressedClassPointers               = true                           {product lp64_product} {ergonomic}
     bool UseCompressedOops                        = true                           {product lp64_product} {ergonomic}
     bool UseG1GC                                  = true                                      {product} {ergonomic}
     bool UseLargePagesIndividualAllocation        = false                                  {pd product} {ergonomic}

Logging:
Log output configuration:
 #0: stdout all=warning uptime,level,tags
 #1: stderr all=off uptime,level,tags

Environment Variables:
PATH=C:\Windows\system32;C:\Windows;C:\Windows\System32\Wbem;C:\Windows\System32\WindowsPowerShell\v1.0\;C:\Windows\System32\OpenSSH\;C:\Program Files\NVIDIA Corporation\NVIDIA NvDLISR;C:\Program Files\Git\cmd;C:\Users\willi\AppData\Local\Microsoft\WindowsApps;;C:\Users\willi\AppData\Local\Programs\oh-my-posh\bin;F:\instalacion_visualStudio\Microsoft VS Code\bin
USERNAME=willi
OS=Windows_NT
PROCESSOR_IDENTIFIER=AMD64 Family 23 Model 8 Stepping 2, AuthenticAMD
TMP=C:\Users\willi\AppData\Local\Temp
TEMP=C:\Users\willi\AppData\Local\Temp


JNI global refs:
JNI global refs: 12, weak refs: 26

JNI global refs memory usage: 843, weak refs: 841


---------------  S Y S T E M  ---------------

OS:
 Windows 11 , 64 bit Build 22621 (10.0.22621.2215)
OS uptime: 7 days 14:54 hours

CPU: total 12 (initial active 12) (12 cores per cpu, 2 threads per core) family 23 model 8 stepping 2 microcode 0x0, cx8, cmov, fxsr, ht, mmx, 3dnowpref, sse, sse2, sse3, ssse3, sse4a, sse4.1, sse4.2, popcnt, lzcnt, tsc, tscinvbit, avx, avx2, aes, clmul, bmi1, bmi2, adx, sha, fma, vzeroupper, clflush, clflushopt

Memory: 4k page, system-wide physical 16317M (765M free)
TotalPageFile size 30526M (AvailPageFile size 8M)
current process WorkingSet (physical memory assigned to process): 491M, peak: 498M
current process commit charge ("private bytes"): 827M, peak: 831M

vm_info: OpenJDK 64-Bit Server VM (17.0.6+0-b2043.56-10027231) for windows-amd64 JRE (17.0.6+0-b2043.56-10027231), built on Apr 28 2023 00:43:19 by "androidbuild" with MS VC++ 16.10 / 16.11 (VS2019)

END.
